SF:lib\services\local_db.dart
DA:7,0
DA:14,0
DA:15,0
DA:17,0
DA:18,0
DA:19,0
DA:20,0
DA:23,0
DA:28,0
DA:29,0
DA:31,0
DA:33,0
DA:37,0
DA:38,0
DA:39,0
DA:40,0
DA:42,0
DA:43,0
DA:45,0
DA:48,0
DA:49,0
DA:51,0
DA:53,0
DA:57,0
DA:58,0
DA:59,0
DA:60,0
DA:62,0
DA:63,0
DA:65,0
DA:68,12
DA:71,18
DA:73,6
DA:75,12
DA:77,9
DA:78,3
DA:79,3
DA:80,6
DA:81,9
DA:84,12
DA:87,12
DA:90,0
DA:95,3
DA:97,6
DA:98,3
DA:99,6
DA:100,3
DA:102,3
DA:105,3
DA:106,3
DA:107,4
DA:110,3
DA:112,3
DA:116,0
DA:118,0
DA:119,0
DA:120,0
DA:121,0
DA:122,0
DA:123,0
DA:125,0
DA:127,0
DA:135,1
DA:136,2
DA:137,2
DA:138,1
DA:139,1
DA:140,2
DA:141,1
DA:143,2
DA:144,1
DA:152,4
DA:153,8
DA:155,7
DA:156,3
DA:157,3
DA:158,6
DA:159,6
DA:160,6
DA:164,3
DA:165,7
DA:171,0
DA:173,0
DA:174,0
DA:175,0
DA:179,0
DA:180,0
DA:181,0
DA:182,0
DA:183,0
DA:184,0
DA:185,0
DA:186,0
DA:187,0
DA:188,0
DA:189,0
DA:195,0
DA:196,0
DA:197,0
DA:198,0
DA:199,0
DA:200,0
DA:201,0
DA:202,0
DA:203,0
DA:204,0
DA:212,0
DA:213,0
DA:215,0
DA:216,0
DA:217,0
DA:218,0
DA:219,0
DA:220,0
DA:222,0
DA:224,0
DA:226,0
DA:227,0
DA:228,0
DA:229,0
DA:230,0
DA:239,0
DA:240,0
DA:247,0
DA:250,0
DA:252,0
DA:257,0
DA:260,0
DA:261,0
DA:262,0
DA:263,0
DA:264,0
DA:268,0
DA:273,0
DA:275,0
DA:276,0
DA:277,0
DA:278,0
DA:279,0
DA:284,0
DA:285,0
DA:287,0
DA:288,0
DA:289,0
DA:291,0
DA:292,0
DA:293,0
DA:294,0
DA:295,0
DA:296,0
DA:300,0
DA:301,0
DA:302,0
DA:303,0
DA:304,0
DA:305,0
DA:306,0
DA:307,0
DA:308,0
DA:309,0
DA:310,0
DA:318,0
DA:319,0
DA:320,0
DA:321,0
DA:322,0
DA:323,0
DA:324,0
DA:325,0
DA:326,0
DA:327,0
DA:334,0
DA:335,0
DA:344,0
DA:346,0
DA:350,0
DA:353,0
DA:354,0
DA:355,0
DA:356,0
DA:357,0
DA:361,0
DA:367,3
DA:369,6
DA:370,3
DA:371,6
DA:373,6
DA:374,3
DA:376,3
DA:380,3
DA:381,3
DA:382,5
DA:385,3
DA:388,3
DA:393,3
DA:395,6
DA:396,3
DA:397,6
DA:398,3
DA:399,3
DA:400,6
DA:401,3
DA:402,0
DA:403,0
DA:404,3
DA:406,6
DA:413,0
DA:415,0
DA:416,0
DA:417,0
DA:418,0
DA:419,0
DA:421,0
DA:422,0
DA:423,0
DA:424,0
DA:425,0
DA:426,0
DA:427,0
DA:428,0
DA:429,0
DA:434,0
DA:435,0
DA:444,0
DA:446,0
DA:450,0
DA:453,0
DA:454,0
DA:455,0
DA:456,0
DA:457,0
DA:461,0
DA:467,2
DA:469,4
DA:470,2
DA:471,4
DA:472,4
DA:473,2
DA:475,2
DA:479,2
DA:480,2
DA:483,2
DA:487,2
DA:489,4
DA:490,2
DA:491,4
DA:492,2
DA:493,2
DA:494,4
DA:495,2
DA:496,0
DA:497,0
DA:498,2
DA:500,4
DA:506,6
DA:507,6
DA:509,12
DA:510,12
DA:511,9
DA:512,3
DA:513,3
DA:514,6
DA:515,9
DA:520,12
DA:521,12
DA:522,9
DA:523,3
DA:524,3
DA:525,6
DA:526,9
DA:531,12
DA:532,12
DA:533,8
DA:534,2
DA:535,2
DA:536,4
DA:537,6
DA:542,0
DA:547,3
DA:549,6
DA:550,3
DA:551,3
DA:552,6
DA:553,3
DA:554,3
DA:555,9
DA:556,3
DA:557,3
DA:559,3
DA:565,2
DA:566,4
DA:567,2
DA:568,2
DA:569,4
DA:570,2
DA:571,6
DA:572,2
DA:574,2
DA:579,2
DA:580,4
DA:581,2
DA:582,2
DA:583,4
DA:584,2
DA:585,2
DA:586,6
DA:587,2
DA:589,2
DA:595,1
DA:597,2
DA:598,1
DA:599,1
DA:600,2
DA:601,1
DA:602,1
DA:603,3
DA:604,1
DA:609,1
DA:610,2
DA:611,1
DA:612,1
DA:613,2
DA:614,1
DA:615,1
DA:616,3
DA:617,1
DA:623,2
DA:625,2
DA:626,4
DA:627,2
DA:628,2
DA:629,4
DA:630,2
DA:631,4
DA:632,6
DA:633,2
DA:634,2
DA:636,0
DA:637,0
DA:638,0
DA:639,0
DA:640,0
DA:641,0
DA:642,0
DA:643,0
DA:644,0
DA:645,0
DA:647,0
DA:648,0
DA:649,0
DA:650,0
DA:651,0
DA:652,0
DA:653,0
DA:654,0
DA:655,0
DA:656,0
DA:660,0
DA:666,1
DA:668,2
DA:669,1
DA:670,1
DA:671,2
DA:672,2
DA:673,1
DA:674,2
DA:675,2
DA:677,1
DA:679,1
DA:681,1
DA:682,1
DA:684,3
DA:685,1
DA:691,0
DA:693,0
DA:694,0
DA:695,0
DA:697,0
DA:702,0
DA:708,0
DA:710,0
DA:711,0
DA:712,0
DA:716,0
DA:717,0
DA:718,0
DA:719,0
DA:720,0
DA:721,0
DA:727,0
DA:735,0
DA:737,0
DA:738,0
DA:739,0
DA:740,0
DA:741,0
DA:742,0
DA:743,0
DA:744,0
DA:748,0
DA:749,0
DA:750,0
DA:751,0
DA:752,0
DA:753,0
DA:754,0
DA:755,0
DA:756,0
DA:762,0
DA:768,3
DA:769,3
DA:771,6
DA:772,4
DA:773,1
DA:774,1
DA:775,2
DA:776,2
DA:780,0
DA:788,0
DA:790,0
DA:791,0
DA:792,0
DA:793,0
DA:794,0
DA:795,0
DA:796,0
DA:797,0
DA:799,0
DA:804,0
DA:810,3
DA:811,3
DA:813,6
DA:814,5
DA:815,2
DA:816,2
DA:817,4
DA:818,4
DA:822,0
DA:828,2
DA:830,4
DA:831,2
DA:832,2
DA:833,4
DA:834,2
DA:835,2
DA:836,6
DA:837,1
DA:838,2
DA:843,2
DA:845,4
DA:846,2
DA:847,2
DA:848,4
DA:849,2
DA:850,2
DA:851,6
DA:852,1
DA:853,2
LF:458
LH:216
end_of_record
SF:lib\models\cita.dart
DA:15,0
DA:30,0
DA:31,0
DA:33,0
DA:34,0
DA:35,0
DA:36,0
DA:37,0
DA:38,0
DA:39,0
DA:40,0
DA:41,0
DA:42,0
DA:43,0
DA:44,0
DA:46,0
DA:47,0
DA:48,0
DA:49,0
DA:51,0
DA:52,0
LF:21
LH:0
end_of_record
SF:lib\models\clinica.dart
DA:11,0
DA:22,0
DA:23,0
DA:25,0
DA:26,0
DA:27,0
DA:30,0
DA:32,0
DA:33,0
DA:36,0
DA:37,0
DA:39,0
DA:41,0
DA:44,0
DA:45,0
DA:46,0
DA:47,0
DA:48,0
DA:49,0
DA:50,0
DA:51,0
DA:53,0
DA:54,0
DA:55,0
DA:56,0
DA:57,0
DA:59,0
DA:60,0
DA:61,0
DA:62,0
DA:63,0
DA:65,0
DA:66,0
DA:67,0
DA:68,0
DA:69,0
DA:71,0
DA:72,0
DA:73,0
DA:74,0
DA:75,0
LF:41
LH:0
end_of_record
SF:lib\models\consulta.dart
DA:42,0
DA:80,0
DA:81,0
DA:83,0
DA:84,0
DA:85,0
DA:86,0
DA:87,0
DA:89,0
DA:90,0
DA:91,0
DA:92,0
DA:93,0
DA:94,0
DA:95,0
DA:96,0
DA:97,0
DA:98,0
DA:99,0
DA:101,0
DA:102,0
DA:103,0
DA:104,0
DA:105,0
DA:106,0
DA:107,0
DA:109,0
DA:110,0
DA:111,0
DA:113,0
DA:115,0
DA:116,0
DA:118,0
DA:119,0
DA:120,0
DA:121,0
DA:122,0
DA:123,0
DA:128,0
DA:129,0
DA:130,0
DA:131,0
DA:132,0
DA:133,0
DA:134,0
DA:138,0
DA:139,0
DA:140,0
DA:141,0
DA:143,0
DA:144,0
DA:147,0
DA:150,0
DA:153,0
DA:155,0
DA:156,0
DA:157,0
DA:161,0
DA:163,0
DA:164,0
DA:165,0
DA:166,0
DA:167,0
DA:168,0
DA:175,0
DA:177,0
DA:178,0
DA:179,0
DA:181,0
LF:69
LH:0
end_of_record
SF:lib\models\paciente.dart
DA:15,0
DA:27,0
DA:28,0
DA:29,0
DA:30,0
DA:31,0
DA:32,0
DA:33,0
DA:34,0
DA:35,0
DA:36,0
DA:37,0
DA:38,0
DA:39,0
DA:40,0
DA:41,0
DA:42,0
LF:17
LH:0
end_of_record
SF:lib\services\api_service_adapter.dart
DA:5,0
DA:7,0
DA:10,0
DA:13,0
DA:16,0
DA:19,0
DA:22,0
DA:24,0
DA:27,0
DA:29,0
DA:32,0
DA:34,0
DA:37,0
DA:39,0
DA:42,0
DA:45,0
LF:16
LH:0
end_of_record
SF:lib\services\api_services.dart
DA:12,0
DA:14,0
DA:15,0
DA:17,0
DA:18,0
DA:25,0
DA:26,0
DA:29,0
DA:30,0
DA:32,0
DA:35,0
DA:40,0
DA:46,0
DA:48,0
DA:51,0
DA:59,0
DA:60,0
DA:61,0
DA:62,0
DA:64,0
DA:65,0
DA:70,0
DA:71,0
DA:73,0
DA:74,0
DA:78,0
DA:80,0
DA:84,0
DA:86,0
DA:91,0
DA:92,0
DA:93,0
DA:94,0
DA:95,0
DA:98,0
DA:99,0
DA:100,0
DA:101,0
DA:102,0
DA:113,0
DA:115,0
DA:116,0
DA:123,0
DA:125,0
DA:130,0
DA:132,0
DA:134,0
DA:135,0
DA:136,0
DA:139,0
DA:140,0
DA:141,0
DA:142,0
DA:145,0
DA:151,0
DA:152,0
DA:153,0
DA:154,0
DA:158,0
DA:159,0
DA:160,0
DA:161,0
DA:162,0
DA:163,0
DA:164,0
DA:168,0
DA:171,0
DA:172,0
DA:175,0
DA:176,0
DA:177,0
DA:178,0
DA:179,0
DA:181,0
DA:183,0
DA:184,0
DA:185,0
DA:186,0
DA:187,0
DA:189,0
DA:191,0
DA:192,0
DA:193,0
DA:194,0
DA:201,0
DA:202,0
DA:206,0
DA:208,0
DA:216,0
DA:222,0
DA:224,0
DA:225,0
DA:228,0
DA:231,0
DA:232,0
DA:238,0
DA:239,0
DA:243,0
DA:244,0
DA:246,0
DA:247,0
DA:249,0
DA:251,0
DA:253,0
DA:254,0
DA:258,0
DA:260,0
DA:263,0
DA:264,0
DA:267,0
DA:268,0
DA:269,0
DA:271,0
DA:272,0
DA:275,0
DA:277,0
DA:280,0
DA:283,0
DA:285,0
DA:286,0
DA:288,0
DA:289,0
DA:290,0
DA:291,0
DA:293,0
DA:295,0
DA:296,0
DA:297,0
DA:299,0
DA:301,0
DA:305,0
DA:307,0
DA:308,0
DA:309,0
DA:310,0
DA:311,0
DA:312,0
DA:314,0
DA:316,0
DA:317,0
DA:318,0
DA:320,0
DA:322,0
DA:326,0
DA:328,0
DA:329,0
DA:331,0
DA:332,0
DA:333,0
DA:334,0
DA:336,0
DA:337,0
DA:338,0
DA:340,0
DA:342,0
DA:343,0
DA:346,0
DA:348,0
DA:352,0
DA:353,0
DA:355,0
DA:359,0
DA:362,0
DA:367,0
DA:371,0
DA:373,0
DA:374,0
DA:375,0
DA:376,0
DA:379,0
DA:381,0
DA:382,0
DA:384,0
DA:385,0
DA:386,0
DA:388,0
DA:394,0
DA:396,0
DA:397,0
DA:399,0
DA:400,0
DA:402,0
DA:405,0
DA:406,0
DA:408,0
DA:409,0
DA:410,0
DA:412,0
DA:413,0
DA:414,0
DA:416,0
DA:420,0
DA:422,0
DA:423,0
DA:424,0
DA:426,0
DA:427,0
DA:428,0
DA:429,0
DA:430,0
DA:431,0
DA:432,0
DA:435,0
DA:437,0
DA:440,0
DA:441,0
DA:442,0
DA:443,0
DA:445,0
DA:446,0
DA:451,0
DA:453,0
DA:454,0
DA:455,0
DA:456,0
DA:457,0
DA:460,0
DA:465,0
DA:467,0
DA:468,0
DA:469,0
DA:470,0
DA:473,0
DA:474,0
DA:476,0
DA:477,0
DA:478,0
DA:481,0
DA:482,0
DA:483,0
DA:485,0
DA:494,0
DA:496,0
DA:497,0
DA:498,0
DA:499,0
DA:501,0
DA:502,0
DA:503,0
DA:506,0
DA:507,0
DA:508,0
DA:513,0
DA:517,0
DA:518,0
DA:519,0
DA:520,0
DA:521,0
DA:525,0
DA:527,0
DA:528,0
DA:530,0
DA:531,0
DA:533,0
DA:534,0
DA:535,0
DA:538,0
DA:539,0
DA:540,0
DA:541,0
DA:542,0
DA:543,0
DA:544,0
DA:546,0
DA:555,0
DA:556,0
DA:557,0
DA:559,0
DA:560,0
DA:561,0
DA:562,0
DA:566,0
DA:569,0
DA:570,0
DA:573,0
DA:574,0
DA:575,0
DA:577,0
DA:578,0
DA:580,0
DA:583,0
DA:584,0
DA:585,0
DA:586,0
DA:588,0
DA:590,0
DA:592,0
DA:593,0
DA:594,0
DA:596,0
DA:597,0
DA:600,0
DA:604,0
DA:605,0
DA:606,0
DA:607,0
DA:609,0
DA:610,0
DA:611,0
DA:612,0
DA:613,0
DA:614,0
DA:617,0
DA:619,0
DA:622,0
DA:623,0
DA:624,0
DA:626,0
DA:627,0
DA:628,0
DA:630,0
DA:631,0
DA:634,0
DA:637,0
DA:638,0
DA:639,0
DA:640,0
DA:641,0
DA:642,0
DA:643,0
DA:644,0
DA:645,0
DA:647,0
DA:648,0
DA:653,0
DA:654,0
DA:655,0
DA:656,0
DA:658,0
DA:659,0
DA:660,0
DA:661,0
DA:662,0
DA:663,0
DA:666,0
DA:668,0
DA:672,0
DA:673,0
DA:674,0
DA:675,0
DA:676,0
DA:677,0
DA:678,0
DA:680,0
DA:681,0
DA:682,0
DA:684,0
DA:687,0
DA:690,0
DA:691,0
DA:692,0
DA:693,0
DA:695,0
DA:696,0
DA:697,0
DA:698,0
DA:699,0
DA:700,0
DA:702,0
DA:708,0
DA:710,0
DA:711,0
DA:713,0
DA:714,0
DA:715,0
DA:716,0
DA:717,0
DA:718,0
DA:721,0
DA:722,0
DA:724,0
DA:726,0
DA:727,0
DA:728,0
DA:729,0
DA:730,0
DA:732,0
DA:734,0
DA:735,0
DA:736,0
DA:737,0
DA:740,0
DA:746,0
DA:748,0
DA:749,0
DA:750,0
DA:751,0
DA:752,0
DA:753,0
DA:754,0
DA:756,0
DA:763,0
DA:764,0
DA:765,0
DA:766,0
DA:767,0
DA:769,0
DA:771,0
DA:773,0
DA:774,0
DA:775,0
DA:786,0
DA:788,0
DA:789,0
DA:790,0
DA:791,0
DA:793,0
DA:795,0
DA:796,0
DA:797,0
DA:798,0
DA:810,0
DA:811,0
DA:812,0
DA:814,0
DA:815,0
DA:816,0
DA:823,0
DA:825,0
DA:826,0
DA:827,0
DA:828,0
DA:829,0
DA:830,0
DA:831,0
DA:833,0
DA:834,0
DA:836,0
DA:837,0
DA:838,0
DA:840,0
DA:843,0
DA:846,0
DA:853,0
DA:854,0
DA:855,0
DA:856,0
DA:858,0
DA:860,0
DA:862,0
DA:865,0
DA:866,0
DA:871,0
DA:872,0
DA:873,0
DA:875,0
DA:876,0
DA:878,0
DA:881,0
DA:883,0
DA:888,0
DA:889,0
DA:893,0
DA:894,0
DA:897,0
DA:898,0
DA:899,0
DA:900,0
DA:901,0
DA:903,0
DA:906,0
DA:908,0
DA:910,0
DA:912,0
DA:913,0
DA:914,0
DA:922,0
DA:923,0
DA:924,0
DA:925,0
DA:926,0
DA:928,0
DA:930,0
DA:932,0
DA:934,0
DA:936,0
DA:937,0
DA:938,0
DA:946,0
DA:947,0
DA:948,0
DA:949,0
DA:950,0
DA:952,0
DA:954,0
DA:956,0
DA:958,0
DA:960,0
DA:961,0
DA:962,0
DA:970,0
DA:971,0
DA:972,0
DA:973,0
DA:974,0
DA:976,0
DA:978,0
DA:980,0
DA:982,0
DA:984,0
DA:985,0
DA:986,0
DA:991,0
DA:997,0
DA:1000,0
DA:1001,0
DA:1002,0
DA:1006,0
DA:1007,0
DA:1008,0
DA:1013,0
DA:1015,0
DA:1016,0
DA:1017,0
DA:1019,0
DA:1023,0
DA:1024,0
DA:1025,0
DA:1026,0
DA:1027,0
DA:1028,0
DA:1030,0
DA:1031,0
DA:1040,0
DA:1047,0
DA:1048,0
DA:1049,0
DA:1055,0
DA:1057,0
DA:1058,0
DA:1060,0
DA:1061,0
DA:1062,0
DA:1063,0
DA:1064,0
DA:1065,0
DA:1066,0
DA:1067,0
DA:1072,0
DA:1074,0
DA:1076,0
DA:1077,0
DA:1078,0
DA:1079,0
DA:1080,0
DA:1081,0
DA:1085,0
DA:1086,0
DA:1088,0
DA:1091,0
DA:1094,0
DA:1100,0
DA:1101,0
DA:1103,0
DA:1106,0
DA:1112,0
DA:1114,0
DA:1115,0
DA:1116,0
DA:1117,0
DA:1118,0
DA:1119,0
DA:1120,0
DA:1121,0
DA:1127,0
DA:1129,0
DA:1130,0
DA:1131,0
DA:1133,0
DA:1134,0
DA:1137,0
DA:1141,0
DA:1142,0
DA:1143,0
DA:1144,0
DA:1145,0
DA:1147,0
DA:1148,0
DA:1150,0
DA:1151,0
DA:1153,0
DA:1157,0
DA:1166,0
DA:1168,0
DA:1170,0
DA:1171,0
DA:1172,0
DA:1175,0
DA:1176,0
DA:1177,0
DA:1178,0
DA:1180,0
DA:1181,0
DA:1184,0
DA:1187,0
DA:1188,0
DA:1189,0
DA:1190,0
DA:1191,0
DA:1192,0
DA:1194,0
DA:1195,0
DA:1197,0
DA:1201,0
DA:1203,0
DA:1206,0
DA:1215,0
DA:1216,0
DA:1217,0
DA:1218,0
DA:1219,0
DA:1220,0
DA:1223,0
DA:1225,0
DA:1226,0
DA:1227,0
DA:1230,0
DA:1232,0
DA:1234,0
DA:1235,0
DA:1237,0
DA:1241,0
DA:1242,0
DA:1244,0
DA:1247,0
DA:1251,0
DA:1252,0
DA:1253,0
DA:1254,0
DA:1255,0
DA:1257,0
DA:1258,0
DA:1259,0
DA:1260,0
DA:1261,0
DA:1262,0
DA:1265,0
DA:1270,0
DA:1271,0
DA:1272,0
DA:1273,0
DA:1274,0
DA:1275,0
DA:1276,0
DA:1279,0
DA:1284,0
DA:1285,0
DA:1286,0
DA:1287,0
DA:1288,0
DA:1289,0
DA:1290,0
DA:1293,0
DA:1296,0
DA:1299,0
DA:1306,0
DA:1307,0
DA:1308,0
DA:1311,0
DA:1319,0
DA:1322,0
DA:1324,0
DA:1325,0
DA:1326,0
DA:1327,0
DA:1328,0
DA:1329,0
DA:1331,0
DA:1335,0
DA:1336,0
DA:1337,0
DA:1338,0
DA:1339,0
DA:1340,0
DA:1341,0
DA:1342,0
DA:1344,0
DA:1353,0
DA:1355,0
DA:1357,0
DA:1359,0
DA:1361,0
DA:1362,0
DA:1365,0
DA:1366,0
DA:1367,0
DA:1368,0
DA:1370,0
DA:1372,0
DA:1376,0
DA:1377,0
DA:1379,0
DA:1382,0
DA:1387,0
DA:1389,0
DA:1390,0
DA:1391,0
DA:1392,0
DA:1393,0
DA:1395,0
DA:1397,0
DA:1401,0
DA:1402,0
DA:1404,0
DA:1407,0
DA:1411,0
DA:1413,0
DA:1414,0
DA:1415,0
DA:1417,0
DA:1418,0
DA:1422,0
DA:1424,0
DA:1425,0
DA:1426,0
DA:1428,0
DA:1429,0
DA:1430,0
DA:1433,0
DA:1434,0
DA:1436,0
DA:1439,0
DA:1444,0
DA:1446,0
DA:1447,0
DA:1448,0
DA:1449,0
DA:1450,0
DA:1452,0
DA:1454,0
DA:1458,0
DA:1459,0
DA:1461,0
DA:1464,0
DA:1468,0
DA:1470,0
DA:1471,0
DA:1473,0
DA:1474,0
DA:1476,0
DA:1477,0
DA:1478,0
DA:1482,0
DA:1484,0
DA:1488,0
DA:1489,0
DA:1490,0
DA:1491,0
DA:1492,0
DA:1496,0
DA:1502,0
DA:1503,0
DA:1504,0
DA:1510,0
DA:1511,0
DA:1513,0
DA:1515,0
DA:1519,0
DA:1520,0
DA:1522,0
DA:1525,0
DA:1530,0
DA:1532,0
DA:1533,0
DA:1534,0
DA:1535,0
DA:1537,0
DA:1539,0
DA:1542,0
DA:1545,0
DA:1552,0
DA:1553,0
DA:1554,0
DA:1557,0
DA:1564,0
DA:1566,0
DA:1567,0
DA:1569,0
DA:1573,0
DA:1574,0
DA:1576,0
DA:1579,0
DA:1585,0
DA:1587,0
DA:1588,0
DA:1590,0
DA:1591,0
DA:1593,0
DA:1595,0
DA:1599,0
DA:1600,0
DA:1602,0
DA:1605,0
DA:1611,0
DA:1613,0
DA:1615,0
DA:1616,0
DA:1617,0
DA:1618,0
DA:1619,0
DA:1624,0
DA:1626,0
DA:1627,0
DA:1628,0
DA:1631,0
DA:1634,0
DA:1637,0
DA:1638,0
DA:1639,0
DA:1640,0
DA:1641,0
DA:1643,0
DA:1644,0
DA:1646,0
DA:1647,0
DA:1649,0
DA:1651,0
DA:1654,0
DA:1656,0
DA:1658,0
DA:1663,0
DA:1667,0
DA:1677,0
DA:1679,0
DA:1680,0
DA:1682,0
DA:1683,0
DA:1684,0
DA:1685,0
DA:1686,0
DA:1688,0
DA:1694,0
DA:1700,0
DA:1702,0
DA:1704,0
DA:1705,0
DA:1706,0
DA:1707,0
DA:1709,0
DA:1710,0
DA:1713,0
DA:1714,0
DA:1715,0
DA:1716,0
DA:1717,0
DA:1724,0
DA:1730,0
DA:1732,0
DA:1733,0
DA:1735,0
DA:1736,0
DA:1737,0
DA:1738,0
DA:1739,0
DA:1740,0
DA:1742,0
DA:1744,0
DA:1748,0
DA:1749,0
DA:1751,0
DA:1754,0
DA:1759,0
DA:1761,0
DA:1762,0
DA:1764,0
DA:1765,0
DA:1766,0
DA:1767,0
DA:1768,0
DA:1769,0
DA:1770,0
DA:1771,0
DA:1773,0
DA:1775,0
DA:1778,0
DA:1780,0
DA:1785,0
DA:1787,0
DA:1788,0
DA:1789,0
DA:1790,0
DA:1791,0
DA:1792,0
DA:1794,0
DA:1796,0
DA:1797,0
DA:1798,0
DA:1799,0
DA:1800,0
DA:1802,0
DA:1803,0
DA:1804,0
DA:1805,0
DA:1806,0
DA:1811,0
DA:1814,0
DA:1819,0
DA:1821,0
DA:1822,0
DA:1823,0
DA:1824,0
DA:1825,0
DA:1826,0
DA:1832,0
DA:1834,0
DA:1835,0
DA:1836,0
DA:1838,0
DA:1840,0
DA:1843,0
DA:1844,0
DA:1847,0
DA:1848,0
DA:1853,0
DA:1854,0
DA:1855,0
DA:1856,0
DA:1857,0
DA:1859,0
DA:1860,0
DA:1862,0
DA:1863,0
DA:1865,0
DA:1869,0
DA:1873,0
DA:1882,0
DA:1888,0
DA:1889,0
DA:1890,0
DA:1897,0
DA:1898,0
DA:1900,0
DA:1901,0
DA:1903,0
DA:1907,0
DA:1908,0
DA:1910,0
DA:1913,0
LF:938
LH:0
end_of_record
SF:lib\services\sync_notifier.dart
DA:6,6
DA:8,18
DA:13,6
DA:15,6
DA:16,18
LF:5
LH:5
end_of_record
SF:lib\services\sync_service_impl_new.dart
DA:15,3
DA:25,0
DA:37,3
DA:38,3
DA:41,6
DA:44,9
DA:45,6
DA:51,0
DA:53,3
DA:55,12
DA:56,0
DA:57,0
DA:58,0
DA:60,0
DA:64,0
DA:71,1
DA:75,3
DA:76,0
DA:79,1
DA:80,1
DA:81,1
DA:82,0
DA:86,1
DA:87,0
DA:90,1
DA:91,0
DA:93,0
DA:94,0
DA:100,0
DA:109,1
DA:113,1
DA:114,1
DA:115,1
DA:116,0
DA:120,1
DA:125,0
DA:126,0
DA:128,0
DA:136,1
DA:138,0
DA:143,0
DA:144,0
DA:145,0
DA:148,0
DA:149,0
DA:151,0
DA:152,0
DA:154,0
DA:155,0
DA:160,3
DA:161,3
DA:162,0
DA:166,3
DA:167,6
DA:171,3
DA:172,3
DA:173,0
DA:174,0
DA:176,0
DA:177,0
DA:179,0
DA:182,0
DA:187,0
DA:189,0
DA:191,0
DA:192,0
DA:196,0
DA:200,3
DA:201,5
DA:202,2
DA:203,4
DA:205,2
DA:206,2
DA:208,0
DA:210,0
DA:215,2
DA:219,4
DA:220,2
DA:221,4
DA:223,2
DA:224,1
DA:225,2
DA:226,2
DA:227,1
DA:228,1
DA:230,1
DA:231,2
DA:234,0
DA:241,0
DA:246,2
DA:248,4
DA:249,2
DA:250,4
DA:251,4
DA:252,2
DA:253,4
DA:257,6
DA:258,4
DA:259,4
DA:263,0
DA:264,0
DA:265,0
DA:267,0
DA:268,0
DA:269,0
DA:270,0
DA:272,0
DA:275,0
DA:281,0
DA:287,4
DA:289,2
DA:291,0
DA:292,0
DA:295,0
DA:299,0
DA:303,2
DA:305,0
DA:307,0
DA:309,2
DA:312,2
DA:313,4
DA:314,2
DA:315,2
DA:316,1
DA:318,1
DA:319,1
DA:320,1
DA:322,0
DA:325,2
DA:328,0
DA:330,0
DA:332,0
DA:336,4
DA:337,4
DA:339,4
DA:344,0
DA:345,0
DA:347,0
DA:348,0
DA:349,0
DA:350,0
DA:353,0
DA:356,2
DA:357,1
DA:359,2
DA:362,0
DA:363,0
DA:365,0
DA:371,3
DA:372,3
DA:373,0
DA:374,0
DA:376,0
DA:377,0
DA:379,0
DA:381,0
DA:386,0
DA:388,0
DA:390,0
DA:391,0
DA:395,0
DA:396,0
DA:400,3
DA:401,4
DA:402,1
DA:403,2
DA:404,2
DA:411,1
DA:412,1
DA:417,1
DA:419,1
DA:421,0
DA:422,0
DA:427,0
DA:428,0
DA:429,0
DA:430,0
DA:431,0
DA:433,0
DA:435,0
DA:437,0
DA:438,0
DA:440,0
DA:441,0
DA:443,0
DA:444,0
DA:445,0
DA:446,0
DA:448,0
DA:454,0
DA:459,0
DA:462,0
DA:463,0
DA:465,0
DA:467,0
DA:468,0
DA:469,0
DA:470,0
DA:471,0
DA:472,0
DA:477,0
DA:482,0
DA:483,0
DA:489,1
DA:490,2
DA:491,3
DA:493,1
DA:494,0
DA:496,2
DA:497,3
DA:502,1
DA:505,2
DA:506,2
DA:507,1
DA:509,1
DA:513,1
DA:514,1
DA:515,2
DA:517,1
DA:519,0
DA:521,0
DA:528,1
DA:531,0
DA:533,0
DA:534,0
DA:536,0
DA:537,0
DA:538,0
DA:539,0
DA:540,0
DA:541,0
DA:542,0
DA:543,0
DA:552,0
DA:553,0
DA:554,0
DA:560,1
DA:561,2
DA:565,0
DA:567,0
DA:570,0
DA:571,0
DA:572,0
DA:573,0
DA:576,1
DA:579,2
DA:582,0
DA:583,0
DA:585,0
DA:590,3
DA:591,4
DA:592,1
DA:593,2
DA:595,2
DA:596,1
DA:597,1
DA:599,2
DA:601,1
DA:603,2
DA:606,0
DA:607,0
DA:609,0
DA:613,0
DA:615,3
DA:616,6
DA:618,6
DA:624,2
DA:626,2
DA:627,4
DA:629,4
DA:630,4
DA:632,2
DA:633,4
DA:634,2
DA:635,2
DA:636,2
DA:637,2
DA:639,4
DA:643,0
DA:644,0
DA:645,0
DA:646,0
DA:647,0
DA:649,0
DA:650,0
DA:655,6
DA:656,2
DA:658,8
DA:659,4
DA:660,2
DA:661,4
DA:662,4
DA:665,0
LF:293
LH:137
end_of_record
